[debug] [2025-08-31T18:11:08.315Z] ----------------------------------------------------------------------
[debug] [2025-08-31T18:11:08.324Z] Command:       /home/austin/.nvm/versions/node/v22.16.0/bin/node /home/austin/.nvm/versions/node/v22.16.0/bin/firebase init
[debug] [2025-08-31T18:11:08.326Z] CLI Version:   14.15.1
[debug] [2025-08-31T18:11:08.327Z] Platform:      linux
[debug] [2025-08-31T18:11:08.327Z] Node Version:  v22.16.0
[debug] [2025-08-31T18:11:08.329Z] Time:          Sun Aug 31 2025 14:11:08 GMT-0400 (Eastern Daylight Time)
[debug] [2025-08-31T18:11:08.329Z] ----------------------------------------------------------------------
[debug] 
[debug] [2025-08-31T18:11:09.380Z] > command requires scopes: ["email","openid","https://www.googleapis.com/auth/cloudplatformprojects.readonly","https://www.googleapis.com/auth/firebase","https://www.googleapis.com/auth/cloud-platform"]
[debug] [2025-08-31T18:11:09.381Z] > authorizing via signed-in user (austinbryanfilm@gmail.com)
[info] 
     ######## #### ########  ######## ########     ###     ######  ########
     ##        ##  ##     ## ##       ##     ##  ##   ##  ##       ##
     ######    ##  ########  ######   ########  #########  ######  ######
     ##        ##  ##    ##  ##       ##     ## ##     ##       ## ##
     ##       #### ##     ## ######## ########  ##     ##  ######  ########

You're about to initialize a Firebase project in this directory:

  /home/austin/081925-SvelteTweb

Before we get started, keep in mind:

  * You are initializing within an existing Firebase project directory

[debug] [2025-08-31T18:11:58.233Z] ExitPromptError: User force closed the prompt with SIGINT
    at Interface.sigint (/home/austin/.nvm/versions/node/v22.16.0/lib/node_modules/firebase-tools/node_modules/@inquirer/core/dist/commonjs/lib/create-prompt.js:101:37)
    at Interface.emit (node:events:518:28)
    at Interface.emit (node:domain:489:12)
    at [_ttyWrite] [as _ttyWrite] (node:internal/readline/interface:1128:18)
    at ReadStream.onkeypress (node:internal/readline/interface:267:20)
    at ReadStream.emit (node:events:530:35)
    at ReadStream.emit (node:domain:489:12)
    at emitKeys (node:internal/readline/utils:370:14)
    at emitKeys.next (<anonymous>)
    at ReadStream.onData (node:internal/readline/emitKeypressEvents:64:36)
[error] 
[error] Error: An unexpected error has occurred.
